2024-09-08T17:14:09+01:00 [Pusher] error: Erreur lors de la connexion ou de la requête pour l'agence 10.57.21.83: connect ETIMEDOUT Error: connect ETIMEDOUT
    at Object.createConnection (C:\Users\Munze\Documents\Programming\Pusher\node_modules\mysql2\promise.js:253:31)
    at getDbConnection (C:\Users\Munze\Documents\Programming\Pusher\client\functions\db.js:6:34)
    at processAgency (C:\Users\Munze\Documents\Programming\Pusher\client\functions\processAgency.js:10:24)
    at C:\Users\Munze\Documents\Programming\Pusher\client\functions\syncDataFromAgencies.js:18:27
    at run (C:\Users\Munze\Documents\Programming\Pusher\node_modules\@esm2cjs\p-queue\build\cjs\index.js:127:85)
    at PQueue._PQueue_tryToStartAnother2 (C:\Users\Munze\Documents\Programming\Pusher\node_modules\@esm2cjs\p-queue\build\cjs\index.js:246:7)
    at C:\Users\Munze\Documents\Programming\Pusher\node_modules\@esm2cjs\p-queue\build\cjs\index.js:143:87
    at new Promise (<anonymous>)
    at PQueue.add (C:\Users\Munze\Documents\Programming\Pusher\node_modules\@esm2cjs\p-queue\build\cjs\index.js:116:12)
    at C:\Users\Munze\Documents\Programming\Pusher\client\functions\syncDataFromAgencies.js:18:17
2024-09-08T17:14:09+01:00 [Pusher] error: Erreur lors de la connexion ou de la requête pour l'agence 10.57.3.53: connect ETIMEDOUT Error: connect ETIMEDOUT
    at Object.createConnection (C:\Users\Munze\Documents\Programming\Pusher\node_modules\mysql2\promise.js:253:31)
    at getDbConnection (C:\Users\Munze\Documents\Programming\Pusher\client\functions\db.js:6:34)
    at processAgency (C:\Users\Munze\Documents\Programming\Pusher\client\functions\processAgency.js:10:24)
    at C:\Users\Munze\Documents\Programming\Pusher\client\functions\syncDataFromAgencies.js:18:27
    at run (C:\Users\Munze\Documents\Programming\Pusher\node_modules\@esm2cjs\p-queue\build\cjs\index.js:127:85)
    at PQueue._PQueue_tryToStartAnother2 (C:\Users\Munze\Documents\Programming\Pusher\node_modules\@esm2cjs\p-queue\build\cjs\index.js:246:7)
    at C:\Users\Munze\Documents\Programming\Pusher\node_modules\@esm2cjs\p-queue\build\cjs\index.js:143:87
    at new Promise (<anonymous>)
    at PQueue.add (C:\Users\Munze\Documents\Programming\Pusher\node_modules\@esm2cjs\p-queue\build\cjs\index.js:116:12)
    at C:\Users\Munze\Documents\Programming\Pusher\client\functions\syncDataFromAgencies.js:18:17
2024-09-08T17:14:09+01:00 [Pusher] error: Erreur lors de la connexion ou de la requête pour l'agence 10.57.4.131: connect ETIMEDOUT Error: connect ETIMEDOUT
    at Object.createConnection (C:\Users\Munze\Documents\Programming\Pusher\node_modules\mysql2\promise.js:253:31)
    at getDbConnection (C:\Users\Munze\Documents\Programming\Pusher\client\functions\db.js:6:34)
    at processAgency (C:\Users\Munze\Documents\Programming\Pusher\client\functions\processAgency.js:10:24)
    at C:\Users\Munze\Documents\Programming\Pusher\client\functions\syncDataFromAgencies.js:18:27
    at run (C:\Users\Munze\Documents\Programming\Pusher\node_modules\@esm2cjs\p-queue\build\cjs\index.js:127:85)
    at PQueue._PQueue_tryToStartAnother2 (C:\Users\Munze\Documents\Programming\Pusher\node_modules\@esm2cjs\p-queue\build\cjs\index.js:246:7)
    at C:\Users\Munze\Documents\Programming\Pusher\node_modules\@esm2cjs\p-queue\build\cjs\index.js:143:87
    at new Promise (<anonymous>)
    at PQueue.add (C:\Users\Munze\Documents\Programming\Pusher\node_modules\@esm2cjs\p-queue\build\cjs\index.js:116:12)
    at C:\Users\Munze\Documents\Programming\Pusher\client\functions\syncDataFromAgencies.js:18:17
2024-09-08T17:14:09+01:00 [Pusher] error: Erreur lors de la connexion ou de la requête pour l'agence 10.58.10.104: connect ETIMEDOUT Error: connect ETIMEDOUT
    at Object.createConnection (C:\Users\Munze\Documents\Programming\Pusher\node_modules\mysql2\promise.js:253:31)
    at getDbConnection (C:\Users\Munze\Documents\Programming\Pusher\client\functions\db.js:6:34)
    at processAgency (C:\Users\Munze\Documents\Programming\Pusher\client\functions\processAgency.js:10:24)
    at C:\Users\Munze\Documents\Programming\Pusher\client\functions\syncDataFromAgencies.js:18:27
    at run (C:\Users\Munze\Documents\Programming\Pusher\node_modules\@esm2cjs\p-queue\build\cjs\index.js:127:85)
    at PQueue._PQueue_tryToStartAnother2 (C:\Users\Munze\Documents\Programming\Pusher\node_modules\@esm2cjs\p-queue\build\cjs\index.js:246:7)
    at C:\Users\Munze\Documents\Programming\Pusher\node_modules\@esm2cjs\p-queue\build\cjs\index.js:143:87
    at new Promise (<anonymous>)
    at PQueue.add (C:\Users\Munze\Documents\Programming\Pusher\node_modules\@esm2cjs\p-queue\build\cjs\index.js:116:12)
    at C:\Users\Munze\Documents\Programming\Pusher\client\functions\syncDataFromAgencies.js:18:17
2024-09-08T17:14:09+01:00 [Pusher] error: Erreur lors de la connexion ou de la requête pour l'agence 10.58.116.65: connect ETIMEDOUT Error: connect ETIMEDOUT
    at Object.createConnection (C:\Users\Munze\Documents\Programming\Pusher\node_modules\mysql2\promise.js:253:31)
    at getDbConnection (C:\Users\Munze\Documents\Programming\Pusher\client\functions\db.js:6:34)
    at processAgency (C:\Users\Munze\Documents\Programming\Pusher\client\functions\processAgency.js:10:24)
    at C:\Users\Munze\Documents\Programming\Pusher\client\functions\syncDataFromAgencies.js:18:27
    at run (C:\Users\Munze\Documents\Programming\Pusher\node_modules\@esm2cjs\p-queue\build\cjs\index.js:127:85)
    at PQueue._PQueue_tryToStartAnother2 (C:\Users\Munze\Documents\Programming\Pusher\node_modules\@esm2cjs\p-queue\build\cjs\index.js:246:7)
    at C:\Users\Munze\Documents\Programming\Pusher\node_modules\@esm2cjs\p-queue\build\cjs\index.js:143:87
    at new Promise (<anonymous>)
    at PQueue.add (C:\Users\Munze\Documents\Programming\Pusher\node_modules\@esm2cjs\p-queue\build\cjs\index.js:116:12)
    at C:\Users\Munze\Documents\Programming\Pusher\client\functions\syncDataFromAgencies.js:18:17
